[0.008s] Invoking command in '/home/omar-magdy/Autonomous_repo/build/turtle_control_pkg': DEBUGINFOD_URLS=https://debuginfod.ubuntu.com /usr/bin/cmake --build /home/omar-magdy/Autonomous_repo/build/turtle_control_pkg -- -j12 -l12
[0.028s] -- Found ament_cmake: 2.5.4 (/opt/ros/jazzy/share/ament_cmake/cmake)
[0.046s] -- Found Python3: /usr/bin/python3 (found version "3.12.3") found components: Interpreter 
[0.099s] -- Found geometry_msgs: 5.3.6 (/opt/ros/jazzy/share/geometry_msgs/cmake)
[0.118s] -- Found rosidl_generator_c: 4.6.6 (/opt/ros/jazzy/share/rosidl_generator_c/cmake)
[0.124s] -- Found rosidl_generator_cpp: 4.6.6 (/opt/ros/jazzy/share/rosidl_generator_cpp/cmake)
[0.132s] -- Using all available rosidl_typesupport_c: rosidl_typesupport_fastrtps_c;rosidl_typesupport_introspection_c
[0.141s] -- Using all available rosidl_typesupport_cpp: rosidl_typesupport_fastrtps_cpp;rosidl_typesupport_introspection_cpp
[0.168s] -- Found rosidl_default_generators: 1.6.0 (/opt/ros/jazzy/share/rosidl_default_generators/cmake)
[0.173s] -- Found rosidl_adapter: 4.6.6 (/opt/ros/jazzy/share/rosidl_adapter/cmake)
[0.310s] Error parsing '/home/omar-magdy/Autonomous_repo/src/turtle_control_pkg/package.xml':
[1.596s] Traceback (most recent call last):
[1.596s]   File "/opt/ros/jazzy/share/ament_cmake_core/cmake/core/package_xml_2_cmake.py", line 150, in <module>
[1.596s]     main()
[1.596s]   File "/opt/ros/jazzy/share/ament_cmake_core/cmake/core/package_xml_2_cmake.py", line 53, in main
[1.596s]     raise e
[1.596s]   File "/opt/ros/jazzy/share/ament_cmake_core/cmake/core/package_xml_2_cmake.py", line 49, in main
[1.596s]     package = parse_package_string(
[1.596s]               ^^^^^^^^^^^^^^^^^^^^^
[1.596s]   File "/usr/lib/python3/dist-packages/catkin_pkg/package.py", line 788, in parse_package_string
[1.596s]     pkg.validate(warnings=warnings)
[1.596s]   File "/usr/lib/python3/dist-packages/catkin_pkg/package.py", line 330, in validate
[1.597s]     raise InvalidPackage('\n'.join(errors), self.filename)
[1.597s] catkin_pkg.package.InvalidPackage: Error(s) in package '/home/omar-magdy/Autonomous_repo/src/turtle_control_pkg/package.xml':
[1.597s] The package "turtle_control_pkg" must not "exec_depend" on a package with the same name as this package
[1.631s] [31mCMake Error at /opt/ros/jazzy/share/ament_cmake_core/cmake/core/ament_package_xml.cmake:95 (message):
[1.631s]   execute_process(/usr/bin/python3
[1.632s]   /opt/ros/jazzy/share/ament_cmake_core/cmake/core/package_xml_2_cmake.py
[1.632s]   /home/omar-magdy/Autonomous_repo/src/turtle_control_pkg/package.xml
[1.632s]   /home/omar-magdy/Autonomous_repo/build/turtle_control_pkg/ament_cmake_core/package.cmake)
[1.632s]   returned error code 1
[1.632s] Call Stack (most recent call first):
[1.632s]   /opt/ros/jazzy/share/ament_cmake_core/cmake/core/ament_package_xml.cmake:49 (_ament_package_xml)
[1.632s]   /opt/ros/jazzy/share/rosidl_cmake/cmake/rosidl_generate_interfaces.cmake:220 (ament_package_xml)
[1.632s]   CMakeLists.txt:26 (rosidl_generate_interfaces)
[1.632s] 
[1.632s] [0m
[1.632s] -- Configuring incomplete, errors occurred!
[1.694s] gmake: *** [Makefile:1355: cmake_check_build_system] Error 1
[1.699s] Invoked command in '/home/omar-magdy/Autonomous_repo/build/turtle_control_pkg' returned '2': DEBUGINFOD_URLS=https://debuginfod.ubuntu.com /usr/bin/cmake --build /home/omar-magdy/Autonomous_repo/build/turtle_control_pkg -- -j12 -l12
